<?xml version="1.0" encoding="UTF-8"?>
<!-- Generated by org.testng.reporters.JUnitReportReporter -->
<testsuite hostname="DESKTOP-7LK2M14" failures="0" tests="1" name="org.example.testing.AppTest" time="0.011" errors="0" timestamp="2024-01-20T22:43:19 EET" skipped="0">
  <testcase classname="org.example.testing.AppTest" name="test" time="0.011"/>
  <system-out/>
</testsuite> <!-- org.example.testing.AppTest -->
